Сборка начата 19.10.2021 1:37:34.
Уровень детализации журнала: Normal.     1>Проект "C:\Users\Оля\Desktop\2 курс\1 семестр\ЯП\LP\LP_Lab14\LP_Lab14\LP_Lab14.vcxproj" в узле 2 (целевые объекты Build).
     1>InitializeBuildStatus:
         Обращение к "Debug\LP_Lab14.tlog\unsuccessfulbuild".
       ClCompile:
         C:\Program Files (x86)\Microsoft Visual Studio\2019\Community\VC\Tools\MSVC\14.27.29110\bin\HostX86\x86\CL.exe /c /ZI /JMC /nologo /W3 /WX- /diagnostics:column /sdl /Od /Oy- /D WIN32 /D _DEBUG /D _CONSOLE /D _UNICODE /D UNICODE /Gm- /EHsc /RTC1 /MDd /GS /fp:precise /permissive- /Zc:wchar_t /Zc:forScope /Zc:inline /Fo"Debug\\" /Fd"Debug\vc142.pdb" /Gd /TP /analyze- /FC /errorReport:prompt Error.cpp In.cpp IT.cpp Lex.cpp Log.cpp LP_Lab14.cpp LT.cpp Parm.cpp
         Error.cpp
         In.cpp
         IT.cpp
         Lex.cpp
         Log.cpp
         LP_Lab14.cpp
         LT.cpp
         Parm.cpp
         Создание кода...
       Link:
         C:\Program Files (x86)\Microsoft Visual Studio\2019\Community\VC\Tools\MSVC\14.27.29110\bin\HostX86\x86\link.exe /ERRORREPORT:PROMPT /OUT:"C:\Users\Оля\Desktop\2 курс\1 семестр\ЯП\LP\LP_Lab14\Debug\LP_Lab14.exe" /INCREMENTAL /NOLOGO kernel32.lib user32.lib gdi32.lib winspool.lib comdlg32.lib advapi32.lib shell32.lib ole32.lib oleaut32.lib uuid.lib odbc32.lib odbccp32.lib /MANIFEST /MANIFESTUAC:"level='asInvoker' uiAccess='false'" /manifest:embed /DEBUG:FASTLINK /PDB:"C:\Users\Оля\Desktop\2 курс\1 семестр\ЯП\LP\LP_Lab14\Debug\LP_Lab14.pdb" /SUBSYSTEM:CONSOLE /TLBID:1 /DYNAMICBASE /NXCOMPAT /IMPLIB:"C:\Users\Оля\Desktop\2 курс\1 семестр\ЯП\LP\LP_Lab14\Debug\LP_Lab14.lib" /MACHINE:X86 Debug\Error.obj
         Debug\In.obj
         Debug\IT.obj
         Debug\Lex.obj
         Debug\Log.obj
         Debug\LP_Lab14.obj
         Debug\LT.obj
         Debug\Parm.obj
         LP_Lab14.vcxproj -> C:\Users\Оля\Desktop\2 курс\1 семестр\ЯП\LP\LP_Lab14\Debug\LP_Lab14.exe
       FinalizeBuildStatus:
         Файл "Debug\LP_Lab14.tlog\unsuccessfulbuild" удаляется.
         Обращение к "Debug\LP_Lab14.tlog\LP_Lab14.lastbuildstate".
     1>Сборка проекта "C:\Users\Оля\Desktop\2 курс\1 семестр\ЯП\LP\LP_Lab14\LP_Lab14\LP_Lab14.vcxproj" завершена (целевые объекты Build).

Сборка успешно завершена.
    Предупреждений: 0
    Ошибок: 0

Прошло времени 00:00:07.86
